[2026-02-19 19:04:20] INFO     datamatcher | Loaded config: 2 clients, 2 days lookback
[2026-02-19 19:05:59] INFO     datamatcher | ============================================================
[2026-02-19 19:05:59] INFO     datamatcher | PIPELINE START - 2 clients, 30 days
[2026-02-19 19:05:59] INFO     datamatcher | ============================================================
[2026-02-19 19:05:59] INFO     datamatcher | Starting fetch for 2 clients...
[2026-02-19 19:05:59] INFO     datamatcher | [Client A] Fetching data (last 30 days)...
[2026-02-19 19:05:59] INFO     datamatcher | [Client B] Fetching data (last 30 days)...
[2026-02-19 19:06:00] ERROR    datamatcher | [Client A] Fetch failed: 200, message='Attempt to decode JSON with unexpected mimetype: text/html; charset=utf-8', url='https://clienta.com/api/get_checkout_journey.php?days=30&page=1&limit=5000'
[2026-02-19 19:06:00] ERROR    datamatcher | [Client B] Fetch failed: 200, message='Attempt to decode JSON with unexpected mimetype: text/html;charset=utf-8', url='https://www.hugedomains.com/domain_profile.cfm?d=clientb.com'
[2026-02-19 19:06:00] INFO     datamatcher | Fetch complete: 0/2 clients successful
[2026-02-19 19:06:00] INFO     datamatcher | Starting matching for 2 clients (workers=4)...
[2026-02-19 19:06:00] INFO     datamatcher | Matching complete: 0 matched, 0 unmatched across all clients
[2026-02-19 19:06:00] INFO     datamatcher | Reports saved to C:\Usman\Project\python\dataMatcher\reports\20260219_190600
[2026-02-19 19:06:03] ERROR    datamatcher | Email send failed: (535, b'5.7.8 Username and Password not accepted. For more information, go to\n5.7.8  https://support.google.com/mail/?p=BadCredentials ffacd0b85a97d-43796ad015bsm50490712f8f.38 - gsmtp')
[2026-02-19 19:06:03] INFO     datamatcher | PIPELINE COMPLETE in 4.64s
[2026-02-19 19:08:41] INFO     datamatcher | ============================================================
[2026-02-19 19:08:41] INFO     datamatcher | PIPELINE START - 1 clients, 30 days
[2026-02-19 19:08:41] INFO     datamatcher | ============================================================
[2026-02-19 19:08:41] INFO     datamatcher | Starting fetch for 1 clients...
[2026-02-19 19:08:41] INFO     datamatcher | [OINUSA] Fetching data (last 30 days)...
[2026-02-19 19:08:42] ERROR    datamatcher | [OINUSA] Fetch failed: HTTP 404 from https://oinusa.org/api/get_transactions.php
[2026-02-19 19:08:42] INFO     datamatcher | Fetch complete: 0/1 clients successful
[2026-02-19 19:08:42] INFO     datamatcher | Starting matching for 1 clients (workers=4)...
[2026-02-19 19:08:42] INFO     datamatcher | Matching complete: 0 matched, 0 unmatched across all clients
[2026-02-19 19:08:42] INFO     datamatcher | Reports saved to C:\Usman\Project\python\dataMatcher\reports\20260219_190842
[2026-02-19 19:08:45] ERROR    datamatcher | Email send failed: (535, b'5.7.8 Username and Password not accepted. For more information, go to\n5.7.8  https://support.google.com/mail/?p=BadCredentials 5b1f17b1804b1-483a31d82a8sm6628135e9.15 - gsmtp')
[2026-02-19 19:08:45] INFO     datamatcher | PIPELINE COMPLETE in 4.00s
[2026-02-19 19:09:37] INFO     datamatcher | ============================================================
[2026-02-19 19:09:37] INFO     datamatcher | PIPELINE START - 1 clients, 30 days
[2026-02-19 19:09:37] INFO     datamatcher | ============================================================
[2026-02-19 19:09:37] INFO     datamatcher | Starting fetch for 1 clients...
[2026-02-19 19:09:37] INFO     datamatcher | [OINUSA] Fetching data (last 30 days)...
[2026-02-19 19:09:38] INFO     datamatcher | [OINUSA] Fetched 549 checkouts, 1587 transactions
[2026-02-19 19:09:38] INFO     datamatcher | Fetch complete: 1/1 clients successful
[2026-02-19 19:09:38] INFO     datamatcher | Starting matching for 1 clients (workers=4)...
[2026-02-19 19:09:38] INFO     datamatcher | [OINUSA] Matched: 491, Unmatched: 58, Rate: 89.4%
[2026-02-19 19:09:38] INFO     datamatcher | Matching complete: 491 matched, 58 unmatched across all clients
[2026-02-19 19:09:38] INFO     datamatcher | Reports saved to C:\Usman\Project\python\dataMatcher\reports\20260219_190938
[2026-02-19 19:09:41] ERROR    datamatcher | Email send failed: (535, b'5.7.8 Username and Password not accepted. For more information, go to\n5.7.8  https://support.google.com/mail/?p=BadCredentials ffacd0b85a97d-43796abcda5sm53369724f8f.19 - gsmtp')
[2026-02-19 19:09:41] INFO     datamatcher | PIPELINE COMPLETE in 4.35s
[2026-02-19 19:10:40] INFO     datamatcher | ============================================================
[2026-02-19 19:10:40] INFO     datamatcher | PIPELINE START - 1 clients, 30 days
[2026-02-19 19:10:40] INFO     datamatcher | ============================================================
[2026-02-19 19:10:40] INFO     datamatcher | Starting fetch for 1 clients...
[2026-02-19 19:10:40] INFO     datamatcher | [OINUSA] Fetching data (last 30 days)...
[2026-02-19 19:10:41] INFO     datamatcher | [OINUSA] Fetched 549 checkouts, 1587 transactions
[2026-02-19 19:10:41] INFO     datamatcher | Fetch complete: 1/1 clients successful
[2026-02-19 19:10:41] INFO     datamatcher | Starting matching for 1 clients (workers=4)...
[2026-02-19 19:10:41] INFO     datamatcher | [OINUSA] Matched: 491, Unmatched: 58, Rate: 89.4%
[2026-02-19 19:10:41] INFO     datamatcher | Matching complete: 491 matched, 58 unmatched across all clients
[2026-02-19 19:10:41] INFO     datamatcher | Reports saved to C:\Usman\Project\python\dataMatcher\reports\20260219_191041
[2026-02-19 19:10:44] ERROR    datamatcher | Email send failed: (535, b'5.7.8 Username and Password not accepted. For more information, go to\n5.7.8  https://support.google.com/mail/?p=BadCredentials 5b1f17b1804b1-4839f94fafcsm27068485e9.5 - gsmtp')
[2026-02-19 19:10:44] INFO     datamatcher | PIPELINE COMPLETE in 4.31s
[2026-02-19 19:13:02] INFO     datamatcher | ============================================================
[2026-02-19 19:13:02] INFO     datamatcher | PIPELINE START - 1 clients, 30 days
[2026-02-19 19:13:02] INFO     datamatcher | ============================================================
[2026-02-19 19:13:02] INFO     datamatcher | Starting fetch for 1 clients...
[2026-02-19 19:13:02] INFO     datamatcher | [OINUSA] Fetching data (last 30 days)...
[2026-02-19 19:13:03] INFO     datamatcher | [OINUSA] Fetched 477 checkouts, 1587 transactions
[2026-02-19 19:13:03] INFO     datamatcher | Fetch complete: 1/1 clients successful
[2026-02-19 19:13:03] INFO     datamatcher | Starting matching for 1 clients (workers=4)...
[2026-02-19 19:13:03] INFO     datamatcher | [OINUSA] Matched: 477, Unmatched: 0, Rate: 100.0%
[2026-02-19 19:13:03] INFO     datamatcher | Matching complete: 477 matched, 0 unmatched across all clients
[2026-02-19 19:13:03] INFO     datamatcher | Reports saved to C:\Usman\Project\python\dataMatcher\reports\20260219_191303
[2026-02-19 19:13:06] ERROR    datamatcher | Email send failed: (535, b'5.7.8 Username and Password not accepted. For more information, go to\n5.7.8  https://support.google.com/mail/?p=BadCredentials 5b1f17b1804b1-483a2cb9f6esm11349835e9.4 - gsmtp')
[2026-02-19 19:13:06] INFO     datamatcher | PIPELINE COMPLETE in 4.30s
[2026-02-19 19:14:06] INFO     datamatcher | Shutting down
<<<<<<< HEAD
[2026-02-19 19:58:20] INFO     datamatcher | Loaded config: 1 clients, 2 days lookback
[2026-02-19 19:58:25] INFO     datamatcher | ============================================================
[2026-02-19 19:58:25] INFO     datamatcher | PIPELINE START - 1 clients, 2 days
[2026-02-19 19:58:25] INFO     datamatcher | ============================================================
[2026-02-19 19:58:25] INFO     datamatcher | Starting fetch for 1 clients...
[2026-02-19 19:58:25] INFO     datamatcher | [OINUSA] Fetching data (last 2 days)...
[2026-02-19 19:58:26] INFO     datamatcher | [OINUSA] Fetched 63 checkouts, 132 transactions
[2026-02-19 19:58:26] INFO     datamatcher | Fetch complete: 1/1 clients successful
[2026-02-19 19:58:26] INFO     datamatcher | Starting matching for 1 clients (workers=4)...
[2026-02-19 19:58:26] INFO     datamatcher | [OINUSA] Matched: 63, Unmatched: 0, Rate: 100.0%
[2026-02-19 19:58:26] INFO     datamatcher | Matching complete: 63 matched, 0 unmatched across all clients
[2026-02-19 19:58:26] INFO     datamatcher | Reports saved to C:\Usman\Project\python\dataMatcher\reports\20260219_195826
[2026-02-19 19:58:29] ERROR    datamatcher | Email send failed: (535, b'5.7.8 Username and Password not accepted. For more information, go to\n5.7.8  https://support.google.com/mail/?p=BadCredentials 6a1803df08f44-8971cc823a4sm207138506d6.8 - gsmtp')
[2026-02-19 19:58:29] INFO     datamatcher | PIPELINE COMPLETE in 4.17s
[2026-02-19 20:16:19] INFO     datamatcher | Shutting down
=======
[2026-02-19 20:08:23] INFO     datamatcher | Loaded config: 2 clients, 2 days lookback
[2026-02-19 20:09:40] INFO     datamatcher | ============================================================
[2026-02-19 20:09:40] INFO     datamatcher | PIPELINE START - 2 clients, 30 days
[2026-02-19 20:09:40] INFO     datamatcher | ============================================================
[2026-02-19 20:09:40] INFO     datamatcher | Starting fetch for 2 clients...
[2026-02-19 20:09:40] INFO     datamatcher | [OINUSA] Fetching data (last 30 days)...
[2026-02-19 20:09:40] INFO     datamatcher | [MAUSA] Fetching data (last 30 days)...
[2026-02-19 20:09:41] ERROR    datamatcher | [MAUSA] Fetch failed: HTTP 500 from https://www.mausa.org/api/dataManagement/get_checkout_journey.php
[2026-02-19 20:09:42] INFO     datamatcher | [OINUSA] Fetched 478 checkouts, 1590 transactions
[2026-02-19 20:09:42] INFO     datamatcher | Fetch complete: 1/2 clients successful
[2026-02-19 20:09:42] INFO     datamatcher | Starting matching for 2 clients (workers=4)...
[2026-02-19 20:09:42] INFO     datamatcher | [OINUSA] Matched: 478, Unmatched: 0, Rate: 100.0%
[2026-02-19 20:09:42] INFO     datamatcher | Matching complete: 478 matched, 0 unmatched across all clients
[2026-02-19 20:09:42] INFO     datamatcher | Reports saved to D:\projects\python\dataMatching\reports\20260219_200942
[2026-02-19 20:09:46] ERROR    datamatcher | Email send failed: (535, b'5.7.8 Username and Password not accepted. For more information, go to\n5.7.8  https://support.google.com/mail/?p=BadCredentials 5b1f17b1804b1-483a31bac27sm9604005e9.5 - gsmtp')
[2026-02-19 20:09:46] INFO     datamatcher | PIPELINE COMPLETE in 6.13s
[2026-02-19 20:15:42] INFO     datamatcher | Shutting down
>>>>>>> 033b7e96a6e02d8cfcdd50793a0b9a75f0c6d11e
[2026-02-19 20:17:56] INFO     datamatcher | Loaded config: 2 clients, 2 days lookback
[2026-02-19 20:19:35] INFO     datamatcher | Shutting down
[2026-02-19 20:21:14] INFO     datamatcher | Loaded config: 2 clients, 2 days lookback
[2026-02-19 20:21:20] INFO     datamatcher | ============================================================
[2026-02-19 20:21:20] INFO     datamatcher | PIPELINE START - 2 clients, 30 days
[2026-02-19 20:21:20] INFO     datamatcher | ============================================================
[2026-02-19 20:21:20] INFO     datamatcher | Starting fetch for 2 clients...
[2026-02-19 20:21:20] INFO     datamatcher | [OINUSA] Fetching data (last 30 days)...
[2026-02-19 20:21:20] INFO     datamatcher | [MAUSA] Fetching data (last 30 days)...
[2026-02-19 20:21:21] ERROR    datamatcher | [MAUSA] Fetch failed: HTTP 401 from https://www.mausa.org/api/dataManagement/get_checkout_journey.php
[2026-02-19 20:21:21] INFO     datamatcher | [OINUSA] Fetched 478 checkouts, 1589 transactions
[2026-02-19 20:21:21] INFO     datamatcher | Fetch complete: 1/2 clients successful
[2026-02-19 20:21:21] INFO     datamatcher | Starting matching for 2 clients (workers=4)...
[2026-02-19 20:21:21] INFO     datamatcher | [OINUSA] Matched: 478, Unmatched: 0, Rate: 100.0%
[2026-02-19 20:21:21] INFO     datamatcher | Matching complete: 478 matched, 0 unmatched across all clients
[2026-02-19 20:21:21] INFO     datamatcher | Reports saved to C:\Usman\Project\python\dataMatcher\reports\20260219_202121
[2026-02-19 20:21:24] ERROR    datamatcher | Email send failed: (535, b'5.7.8 Username and Password not accepted. For more information, go to\n5.7.8  https://support.google.com/mail/?p=BadCredentials d75a77b69052e-50684bb9251sm210407061cf.30 - gsmtp')
[2026-02-19 20:21:24] INFO     datamatcher | PIPELINE COMPLETE in 4.55s
[2026-02-19 20:24:44] INFO     datamatcher | ============================================================
[2026-02-19 20:24:44] INFO     datamatcher | PIPELINE START - 2 clients, 30 days
[2026-02-19 20:24:44] INFO     datamatcher | ============================================================
[2026-02-19 20:24:44] INFO     datamatcher | Starting fetch for 2 clients...
[2026-02-19 20:24:44] INFO     datamatcher | [OINUSA] Fetching data (last 30 days)...
[2026-02-19 20:24:44] INFO     datamatcher | [MAUSA] Fetching data (last 30 days)...
[2026-02-19 20:24:45] ERROR    datamatcher | [MAUSA] Fetch failed: HTTP 401 from https://www.mausa.org/api/dataManagement/get_transactions.php
[2026-02-19 20:24:46] INFO     datamatcher | [OINUSA] Fetched 478 checkouts, 1591 transactions
[2026-02-19 20:24:46] INFO     datamatcher | Fetch complete: 1/2 clients successful
[2026-02-19 20:24:46] INFO     datamatcher | Starting matching for 2 clients (workers=4)...
[2026-02-19 20:24:46] INFO     datamatcher | [OINUSA] Matched: 478, Unmatched: 0, Rate: 100.0%
[2026-02-19 20:24:46] INFO     datamatcher | Matching complete: 478 matched, 0 unmatched across all clients
[2026-02-19 20:24:46] INFO     datamatcher | Reports saved to C:\Usman\Project\python\dataMatcher\reports\20260219_202446
[2026-02-19 20:24:49] ERROR    datamatcher | Email send failed: (535, b'5.7.8 Username and Password not accepted. For more information, go to\n5.7.8  https://support.google.com/mail/?p=BadCredentials 6a1803df08f44-8971cdbd860sm216868786d6.46 - gsmtp')
[2026-02-19 20:24:49] INFO     datamatcher | PIPELINE COMPLETE in 4.47s
[2026-02-19 20:25:23] INFO     datamatcher | ============================================================
[2026-02-19 20:25:23] INFO     datamatcher | PIPELINE START - 2 clients, 30 days
[2026-02-19 20:25:23] INFO     datamatcher | ============================================================
[2026-02-19 20:25:23] INFO     datamatcher | Starting fetch for 2 clients...
[2026-02-19 20:25:23] INFO     datamatcher | [OINUSA] Fetching data (last 30 days)...
[2026-02-19 20:25:23] INFO     datamatcher | [MAUSA] Fetching data (last 30 days)...
[2026-02-19 20:25:23] ERROR    datamatcher | [MAUSA] Fetch failed: HTTP 401 from https://www.mausa.org/api/dataManagement/get_transactions.php
[2026-02-19 20:25:24] INFO     datamatcher | [OINUSA] Fetched 478 checkouts, 1591 transactions
[2026-02-19 20:25:24] INFO     datamatcher | Fetch complete: 1/2 clients successful
[2026-02-19 20:25:24] INFO     datamatcher | Starting matching for 2 clients (workers=4)...
[2026-02-19 20:25:24] INFO     datamatcher | [OINUSA] Matched: 478, Unmatched: 0, Rate: 100.0%
[2026-02-19 20:25:24] INFO     datamatcher | Matching complete: 478 matched, 0 unmatched across all clients
[2026-02-19 20:25:24] INFO     datamatcher | Reports saved to C:\Usman\Project\python\dataMatcher\reports\20260219_202524
[2026-02-19 20:25:27] ERROR    datamatcher | Email send failed: (535, b'5.7.8 Username and Password not accepted. For more information, go to\n5.7.8  https://support.google.com/mail/?p=BadCredentials 6a1803df08f44-8971cc95acasm217562666d6.18 - gsmtp')
[2026-02-19 20:25:27] INFO     datamatcher | PIPELINE COMPLETE in 4.23s
[2026-02-19 20:26:37] INFO     datamatcher | Shutting down
[2026-02-19 20:26:40] INFO     datamatcher | Loaded config: 2 clients, 2 days lookback
[2026-02-19 20:26:49] INFO     datamatcher | ============================================================
[2026-02-19 20:26:49] INFO     datamatcher | PIPELINE START - 2 clients, 30 days
[2026-02-19 20:26:49] INFO     datamatcher | ============================================================
[2026-02-19 20:26:49] INFO     datamatcher | Starting fetch for 2 clients...
[2026-02-19 20:26:49] INFO     datamatcher | [OINUSA] Fetching data (last 30 days)...
[2026-02-19 20:26:49] INFO     datamatcher | [MAUSA] Fetching data (last 30 days)...
[2026-02-19 20:26:50] ERROR    datamatcher | [MAUSA] Fetch failed: HTTP 401 from https://www.mausa.org/api/dataManagement/get_transactions.php
[2026-02-19 20:26:50] INFO     datamatcher | [OINUSA] Fetched 478 checkouts, 1591 transactions
[2026-02-19 20:26:50] INFO     datamatcher | Fetch complete: 1/2 clients successful
[2026-02-19 20:26:50] INFO     datamatcher | Starting matching for 2 clients (workers=4)...
[2026-02-19 20:26:50] INFO     datamatcher | [OINUSA] Matched: 478, Unmatched: 0, Rate: 100.0%
[2026-02-19 20:26:50] INFO     datamatcher | Matching complete: 478 matched, 0 unmatched across all clients
[2026-02-19 20:26:50] INFO     datamatcher | Reports saved to C:\Usman\Project\python\dataMatcher\reports\20260219_202650
[2026-02-19 20:26:53] ERROR    datamatcher | Email send failed: (535, b'5.7.8 Username and Password not accepted. For more information, go to\n5.7.8  https://support.google.com/mail/?p=BadCredentials af79cd13be357-8cb48c27330sm1723122585a.19 - gsmtp')
[2026-02-19 20:26:53] INFO     datamatcher | PIPELINE COMPLETE in 4.55s
[2026-02-19 20:27:01] INFO     datamatcher | ============================================================
[2026-02-19 20:27:01] INFO     datamatcher | PIPELINE START - 2 clients, 30 days
[2026-02-19 20:27:01] INFO     datamatcher | ============================================================
[2026-02-19 20:27:01] INFO     datamatcher | Starting fetch for 2 clients...
[2026-02-19 20:27:01] INFO     datamatcher | [OINUSA] Fetching data (last 30 days)...
[2026-02-19 20:27:01] INFO     datamatcher | [MAUSA] Fetching data (last 30 days)...
[2026-02-19 20:27:02] ERROR    datamatcher | [MAUSA] Fetch failed: HTTP 401 from https://www.mausa.org/api/dataManagement/get_checkout_journey.php
[2026-02-19 20:27:02] INFO     datamatcher | [OINUSA] Fetched 478 checkouts, 1592 transactions
[2026-02-19 20:27:02] INFO     datamatcher | Fetch complete: 1/2 clients successful
[2026-02-19 20:27:02] INFO     datamatcher | Starting matching for 2 clients (workers=4)...
[2026-02-19 20:27:02] INFO     datamatcher | [OINUSA] Matched: 478, Unmatched: 0, Rate: 100.0%
[2026-02-19 20:27:02] INFO     datamatcher | Matching complete: 478 matched, 0 unmatched across all clients
[2026-02-19 20:27:02] INFO     datamatcher | Reports saved to C:\Usman\Project\python\dataMatcher\reports\20260219_202702
[2026-02-19 20:27:05] ERROR    datamatcher | Email send failed: (535, b'5.7.8 Username and Password not accepted. For more information, go to\n5.7.8  https://support.google.com/mail/?p=BadCredentials d75a77b69052e-506bc1c3bfasm129081781cf.14 - gsmtp')
[2026-02-19 20:27:05] INFO     datamatcher | PIPELINE COMPLETE in 4.14s
[2026-02-19 20:32:15] INFO     datamatcher | ============================================================
[2026-02-19 20:32:15] INFO     datamatcher | PIPELINE START - 2 clients, 30 days
[2026-02-19 20:32:15] INFO     datamatcher | ============================================================
[2026-02-19 20:32:15] INFO     datamatcher | Starting fetch for 2 clients...
[2026-02-19 20:32:15] INFO     datamatcher | [OINUSA] Fetching data (last 30 days)...
[2026-02-19 20:32:15] INFO     datamatcher | [MAUSA] Fetching data (last 30 days)...
[2026-02-19 20:32:16] ERROR    datamatcher | [MAUSA] Fetch failed: HTTP 401 from https://www.mausa.org/api/dataManagement/get_transactions.php
[2026-02-19 20:32:24] INFO     datamatcher | [OINUSA] Fetched 478 checkouts, 1591 transactions
[2026-02-19 20:32:24] INFO     datamatcher | Fetch complete: 1/2 clients successful
[2026-02-19 20:32:24] INFO     datamatcher | Starting matching for 2 clients (workers=4)...
[2026-02-19 20:32:24] INFO     datamatcher | [OINUSA] Matched: 478, Unmatched: 0, Rate: 100.0%
[2026-02-19 20:32:24] INFO     datamatcher | Matching complete: 478 matched, 0 unmatched across all clients
[2026-02-19 20:32:24] INFO     datamatcher | Reports saved to C:\Usman\Project\python\dataMatcher\reports\20260219_203224
[2026-02-19 20:32:27] ERROR    datamatcher | Email send failed: (535, b'5.7.8 Username and Password not accepted. For more information, go to\n5.7.8  https://support.google.com/mail/?p=BadCredentials af79cd13be357-8cb67df1fdbsm754176185a.48 - gsmtp')
[2026-02-19 20:32:27] INFO     datamatcher | PIPELINE COMPLETE in 12.20s
[2026-02-19 20:38:30] INFO     datamatcher | ============================================================
[2026-02-19 20:38:30] INFO     datamatcher | PIPELINE START - 2 clients, 30 days
[2026-02-19 20:38:30] INFO     datamatcher | ============================================================
[2026-02-19 20:38:30] INFO     datamatcher | Starting fetch for 2 clients...
[2026-02-19 20:38:30] INFO     datamatcher | [OINUSA] Fetching data (last 30 days)...
[2026-02-19 20:38:30] INFO     datamatcher | [MAUSA] Fetching data (last 30 days)...
[2026-02-19 20:38:31] ERROR    datamatcher | [MAUSA] Fetch failed: HTTP 401 from https://www.mausa.org/api/dataManagement/get_transactions.php
[2026-02-19 20:38:31] INFO     datamatcher | [OINUSA] Fetched 478 checkouts, 1591 transactions
[2026-02-19 20:38:31] INFO     datamatcher | Fetch complete: 1/2 clients successful
[2026-02-19 20:38:31] INFO     datamatcher | Starting matching for 2 clients (workers=4)...
[2026-02-19 20:38:31] INFO     datamatcher | [OINUSA] Matched: 478, Unmatched: 0, Rate: 100.0%
[2026-02-19 20:38:31] INFO     datamatcher | Matching complete: 478 matched, 0 unmatched across all clients
[2026-02-19 20:38:31] INFO     datamatcher | Reports saved to C:\Usman\Project\python\dataMatcher\reports\20260219_203831
[2026-02-19 20:38:34] ERROR    datamatcher | Email send failed: (535, b'5.7.8 Username and Password not accepted. For more information, go to\n5.7.8  https://support.google.com/mail/?p=BadCredentials 6a1803df08f44-8971cddb9efsm262824216d6.51 - gsmtp')
[2026-02-19 20:38:34] INFO     datamatcher | PIPELINE COMPLETE in 4.49s
[2026-02-19 20:38:41] INFO     datamatcher | Shutting down
[2026-02-19 20:38:45] INFO     datamatcher | Loaded config: 2 clients, 2 days lookback
[2026-02-19 20:38:49] INFO     datamatcher | ============================================================
[2026-02-19 20:38:49] INFO     datamatcher | PIPELINE START - 2 clients, 2 days
[2026-02-19 20:38:49] INFO     datamatcher | ============================================================
[2026-02-19 20:38:49] INFO     datamatcher | Starting fetch for 2 clients...
[2026-02-19 20:38:49] INFO     datamatcher | [OINUSA] Fetching data (last 2 days)...
[2026-02-19 20:38:49] INFO     datamatcher | [MAUSA] Fetching data (last 2 days)...
[2026-02-19 20:38:50] INFO     datamatcher | [OINUSA] Fetched 63 checkouts, 136 transactions
[2026-02-19 20:38:50] ERROR    datamatcher | [MAUSA] Fetch failed: HTTP 401 from https://www.mausa.org/api/dataManagement/get_transactions.php
[2026-02-19 20:38:50] INFO     datamatcher | Fetch complete: 1/2 clients successful
[2026-02-19 20:38:50] INFO     datamatcher | Starting matching for 2 clients (workers=4)...
[2026-02-19 20:38:50] INFO     datamatcher | [OINUSA] Matched: 63, Unmatched: 0, Rate: 100.0%
[2026-02-19 20:38:50] INFO     datamatcher | Matching complete: 63 matched, 0 unmatched across all clients
[2026-02-19 20:38:50] INFO     datamatcher | Reports saved to C:\Usman\Project\python\dataMatcher\reports\20260219_203850
[2026-02-19 20:38:52] ERROR    datamatcher | Email send failed: (535, b'5.7.8 Username and Password not accepted. For more information, go to\n5.7.8  https://support.google.com/mail/?p=BadCredentials 6a1803df08f44-8971cddc120sm264164076d6.52 - gsmtp')
[2026-02-19 20:38:52] INFO     datamatcher | PIPELINE COMPLETE in 3.64s
[2026-02-19 20:41:17] INFO     datamatcher | Shutting down
[2026-02-19 20:42:41] INFO     datamatcher | Loaded config: 2 clients, 2 days lookback
[2026-02-19 20:42:49] INFO     datamatcher | ============================================================
[2026-02-19 20:42:49] INFO     datamatcher | PIPELINE START - 2 clients, 2 days
[2026-02-19 20:42:49] INFO     datamatcher | ============================================================
[2026-02-19 20:42:49] INFO     datamatcher | Starting fetch for 2 clients...
[2026-02-19 20:42:49] INFO     datamatcher | [OINUSA] Fetching data (last 2 days)...
[2026-02-19 20:42:49] INFO     datamatcher | [MAUSA] Fetching data (last 2 days)...
[2026-02-19 20:42:50] INFO     datamatcher | [OINUSA] Fetched 62 checkouts, 135 transactions
[2026-02-19 20:42:50] INFO     datamatcher | [MAUSA] Fetched 126 checkouts, 290 transactions
[2026-02-19 20:42:50] INFO     datamatcher | Fetch complete: 2/2 clients successful
[2026-02-19 20:42:50] INFO     datamatcher | Starting matching for 2 clients (workers=4)...
[2026-02-19 20:42:50] INFO     datamatcher | [OINUSA] Matched: 62, Unmatched: 0, Rate: 100.0%
[2026-02-19 20:42:50] INFO     datamatcher | [MAUSA] Matched: 117, Unmatched: 9, Rate: 92.9%
[2026-02-19 20:42:50] INFO     datamatcher | Matching complete: 179 matched, 9 unmatched across all clients
[2026-02-19 20:42:50] INFO     datamatcher | Reports saved to C:\Usman\Project\python\dataMatcher\reports\20260219_204250
[2026-02-19 20:42:53] ERROR    datamatcher | Email send failed: (535, b'5.7.8 Username and Password not accepted. For more information, go to\n5.7.8  https://support.google.com/mail/?p=BadCredentials af79cd13be357-8cb2b0be6c9sm2151834185a.1 - gsmtp')
[2026-02-19 20:42:53] INFO     datamatcher | PIPELINE COMPLETE in 4.35s
[2026-02-19 20:44:30] INFO     datamatcher | ============================================================
[2026-02-19 20:44:30] INFO     datamatcher | PIPELINE START - 2 clients, 30 days
[2026-02-19 20:44:30] INFO     datamatcher | ============================================================
[2026-02-19 20:44:30] INFO     datamatcher | Starting fetch for 2 clients...
[2026-02-19 20:44:30] INFO     datamatcher | [OINUSA] Fetching data (last 30 days)...
[2026-02-19 20:44:30] INFO     datamatcher | [MAUSA] Fetching data (last 30 days)...
[2026-02-19 20:44:31] INFO     datamatcher | [OINUSA] Fetched 478 checkouts, 1591 transactions
[2026-02-19 20:44:32] INFO     datamatcher | [MAUSA] Fetched 714 checkouts, 2715 transactions
[2026-02-19 20:44:32] INFO     datamatcher | Fetch complete: 2/2 clients successful
[2026-02-19 20:44:32] INFO     datamatcher | Starting matching for 2 clients (workers=4)...
[2026-02-19 20:44:32] INFO     datamatcher | [OINUSA] Matched: 478, Unmatched: 0, Rate: 100.0%
[2026-02-19 20:44:32] INFO     datamatcher | [MAUSA] Matched: 697, Unmatched: 17, Rate: 97.6%
[2026-02-19 20:44:32] INFO     datamatcher | Matching complete: 1175 matched, 17 unmatched across all clients
[2026-02-19 20:44:32] INFO     datamatcher | Reports saved to C:\Usman\Project\python\dataMatcher\reports\20260219_204432
[2026-02-19 20:44:35] ERROR    datamatcher | Email send failed: (535, b'5.7.8 Username and Password not accepted. For more information, go to\n5.7.8  https://support.google.com/mail/?p=BadCredentials 6a1803df08f44-8971cc94dffsm213261046d6.14 - gsmtp')
[2026-02-19 20:44:35] INFO     datamatcher | PIPELINE COMPLETE in 4.93s
[2026-02-19 20:44:46] INFO     datamatcher | Shutting down
[2026-02-19 20:44:50] INFO     datamatcher | Loaded config: 2 clients, 2 days lookback
[2026-02-19 20:44:55] INFO     datamatcher | ============================================================
[2026-02-19 20:44:55] INFO     datamatcher | PIPELINE START - 2 clients, 30 days
[2026-02-19 20:44:55] INFO     datamatcher | ============================================================
[2026-02-19 20:44:55] INFO     datamatcher | Starting fetch for 2 clients...
[2026-02-19 20:44:55] INFO     datamatcher | [OINUSA] Fetching data (last 30 days)...
[2026-02-19 20:44:55] INFO     datamatcher | [MAUSA] Fetching data (last 30 days)...
[2026-02-19 20:44:57] INFO     datamatcher | [OINUSA] Fetched 478 checkouts, 1591 transactions
[2026-02-19 20:44:57] INFO     datamatcher | [MAUSA] Fetched 714 checkouts, 2715 transactions
[2026-02-19 20:44:57] INFO     datamatcher | Fetch complete: 2/2 clients successful
[2026-02-19 20:44:57] INFO     datamatcher | Starting matching for 2 clients (workers=12)...
[2026-02-19 20:44:57] INFO     datamatcher | [OINUSA] Matched: 478, Unmatched: 0, Rate: 100.0%
[2026-02-19 20:44:57] INFO     datamatcher | [MAUSA] Matched: 697, Unmatched: 17, Rate: 97.6%
[2026-02-19 20:44:57] INFO     datamatcher | Matching complete: 1175 matched, 17 unmatched across all clients
[2026-02-19 20:44:57] INFO     datamatcher | Reports saved to C:\Usman\Project\python\dataMatcher\reports\20260219_204457
[2026-02-19 20:45:00] ERROR    datamatcher | Email send failed: (535, b'5.7.8 Username and Password not accepted. For more information, go to\n5.7.8  https://support.google.com/mail/?p=BadCredentials 6a1803df08f44-8971cda8f26sm225338676d6.38 - gsmtp')
[2026-02-19 20:45:00] INFO     datamatcher | PIPELINE COMPLETE in 4.50s
[2026-02-19 20:45:17] INFO     datamatcher | ============================================================
[2026-02-19 20:45:17] INFO     datamatcher | PIPELINE START - 2 clients, 30 days
[2026-02-19 20:45:17] INFO     datamatcher | ============================================================
[2026-02-19 20:45:17] INFO     datamatcher | Starting fetch for 2 clients...
[2026-02-19 20:45:17] INFO     datamatcher | [OINUSA] Fetching data (last 30 days)...
[2026-02-19 20:45:17] INFO     datamatcher | [MAUSA] Fetching data (last 30 days)...
[2026-02-19 20:45:19] INFO     datamatcher | [OINUSA] Fetched 478 checkouts, 1591 transactions
[2026-02-19 20:45:19] INFO     datamatcher | [MAUSA] Fetched 714 checkouts, 2715 transactions
[2026-02-19 20:45:19] INFO     datamatcher | Fetch complete: 2/2 clients successful
[2026-02-19 20:45:19] INFO     datamatcher | Starting matching for 2 clients (workers=12)...
[2026-02-19 20:45:19] INFO     datamatcher | [OINUSA] Matched: 478, Unmatched: 0, Rate: 100.0%
[2026-02-19 20:45:19] INFO     datamatcher | [MAUSA] Matched: 697, Unmatched: 17, Rate: 97.6%
[2026-02-19 20:45:19] INFO     datamatcher | Matching complete: 1175 matched, 17 unmatched across all clients
[2026-02-19 20:45:19] INFO     datamatcher | Reports saved to C:\Usman\Project\python\dataMatcher\reports\20260219_204519
[2026-02-19 20:45:22] ERROR    datamatcher | Email send failed: (535, b'5.7.8 Username and Password not accepted. For more information, go to\n5.7.8  https://support.google.com/mail/?p=BadCredentials af79cd13be357-8cb2b1f8185sm2120238085a.36 - gsmtp')
[2026-02-19 20:45:22] INFO     datamatcher | PIPELINE COMPLETE in 4.84s
[2026-02-19 20:45:58] INFO     datamatcher | Shutting down
[2026-02-19 20:46:03] INFO     datamatcher | Loaded config: 2 clients, 2 days lookback
[2026-02-19 20:46:16] INFO     datamatcher | ============================================================
[2026-02-19 20:46:16] INFO     datamatcher | PIPELINE START - 2 clients, 30 days
[2026-02-19 20:46:16] INFO     datamatcher | ============================================================
[2026-02-19 20:46:16] INFO     datamatcher | Starting fetch for 2 clients...
[2026-02-19 20:46:16] INFO     datamatcher | [OINUSA] Fetching data (last 30 days)...
[2026-02-19 20:46:16] INFO     datamatcher | [MAUSA] Fetching data (last 30 days)...
[2026-02-19 20:46:17] INFO     datamatcher | [OINUSA] Fetched 478 checkouts, 1591 transactions
[2026-02-19 20:46:18] INFO     datamatcher | [MAUSA] Fetched 714 checkouts, 2715 transactions
[2026-02-19 20:46:18] INFO     datamatcher | Fetch complete: 2/2 clients successful
[2026-02-19 20:46:18] INFO     datamatcher | Starting matching for 2 clients (workers=20)...
[2026-02-19 20:46:18] INFO     datamatcher | [OINUSA] Matched: 478, Unmatched: 0, Rate: 100.0%
[2026-02-19 20:46:18] INFO     datamatcher | [MAUSA] Matched: 697, Unmatched: 17, Rate: 97.6%
[2026-02-19 20:46:18] INFO     datamatcher | Matching complete: 1175 matched, 17 unmatched across all clients
[2026-02-19 20:46:18] INFO     datamatcher | Reports saved to C:\Usman\Project\python\dataMatcher\reports\20260219_204618
[2026-02-19 20:46:21] ERROR    datamatcher | Email send failed: (535, b'5.7.8 Username and Password not accepted. For more information, go to\n5.7.8  https://support.google.com/mail/?p=BadCredentials af79cd13be357-8cb3b5390ebsm1827412585a.33 - gsmtp')
[2026-02-19 20:46:21] INFO     datamatcher | PIPELINE COMPLETE in 4.52s
[2026-02-19 20:46:47] INFO     datamatcher | Shutting down
[2026-02-19 20:46:51] INFO     datamatcher | Loaded config: 2 clients, 2 days lookback
[2026-02-19 20:50:26] INFO     datamatcher | ============================================================
[2026-02-19 20:50:26] INFO     datamatcher | PIPELINE START - 2 clients, 2 days
[2026-02-19 20:50:26] INFO     datamatcher | ============================================================
[2026-02-19 20:50:26] INFO     datamatcher | Starting fetch for 2 clients...
[2026-02-19 20:50:26] INFO     datamatcher | [OINUSA] Fetching data (last 2 days)...
[2026-02-19 20:50:26] INFO     datamatcher | [MAUSA] Fetching data (last 2 days)...
[2026-02-19 20:50:27] INFO     datamatcher | [OINUSA] Fetched 63 checkouts, 136 transactions
[2026-02-19 20:50:27] INFO     datamatcher | [MAUSA] Fetched 125 checkouts, 288 transactions
[2026-02-19 20:50:27] INFO     datamatcher | Fetch complete: 2/2 clients successful
[2026-02-19 20:50:27] INFO     datamatcher | Starting matching for 2 clients (workers=12)...
[2026-02-19 20:50:27] INFO     datamatcher | [OINUSA] Matched: 63, Unmatched: 0, Rate: 100.0%
[2026-02-19 20:50:27] INFO     datamatcher | [MAUSA] Matched: 115, Unmatched: 10, Rate: 92.0%
[2026-02-19 20:50:27] INFO     datamatcher | Matching complete: 178 matched, 10 unmatched across all clients
[2026-02-19 20:50:27] INFO     datamatcher | Reports saved to C:\Usman\Project\python\dataMatcher\reports\20260219_205027
[2026-02-19 20:50:30] ERROR    datamatcher | Email send failed: (535, b'5.7.8 Username and Password not accepted. For more information, go to\n5.7.8  https://support.google.com/mail/?p=BadCredentials af79cd13be357-8cb2b1c7e71sm2291792785a.30 - gsmtp')
[2026-02-19 20:50:30] INFO     datamatcher | PIPELINE COMPLETE in 4.31s
[2026-02-19 20:50:42] INFO     datamatcher | ============================================================
[2026-02-19 20:50:42] INFO     datamatcher | PIPELINE START - 2 clients, 2 days
[2026-02-19 20:50:42] INFO     datamatcher | ============================================================
[2026-02-19 20:50:42] INFO     datamatcher | Starting fetch for 2 clients...
[2026-02-19 20:50:42] INFO     datamatcher | [OINUSA] Fetching data (last 2 days)...
[2026-02-19 20:50:42] INFO     datamatcher | [MAUSA] Fetching data (last 2 days)...
[2026-02-19 20:50:43] INFO     datamatcher | [OINUSA] Fetched 63 checkouts, 136 transactions
[2026-02-19 20:50:43] INFO     datamatcher | [MAUSA] Fetched 125 checkouts, 288 transactions
[2026-02-19 20:50:43] INFO     datamatcher | Fetch complete: 2/2 clients successful
[2026-02-19 20:50:43] INFO     datamatcher | Starting matching for 2 clients (workers=12)...
[2026-02-19 20:50:43] INFO     datamatcher | [OINUSA] Matched: 63, Unmatched: 0, Rate: 100.0%
[2026-02-19 20:50:43] INFO     datamatcher | [MAUSA] Matched: 115, Unmatched: 10, Rate: 92.0%
[2026-02-19 20:50:43] INFO     datamatcher | Matching complete: 178 matched, 10 unmatched across all clients
[2026-02-19 20:50:43] INFO     datamatcher | Reports saved to C:\Usman\Project\python\dataMatcher\reports\20260219_205043
[2026-02-19 20:50:46] ERROR    datamatcher | Email send failed: (535, b'5.7.8 Username and Password not accepted. For more information, go to\n5.7.8  https://support.google.com/mail/?p=BadCredentials 6a1803df08f44-8971cca7299sm246023446d6.22 - gsmtp')
[2026-02-19 20:50:46] INFO     datamatcher | PIPELINE COMPLETE in 3.85s
[2026-02-19 20:53:07] INFO     datamatcher | ============================================================
[2026-02-19 20:53:07] INFO     datamatcher | PIPELINE START - 2 clients, 2 days
[2026-02-19 20:53:07] INFO     datamatcher | ============================================================
[2026-02-19 20:53:07] INFO     datamatcher | Starting fetch for 2 clients...
[2026-02-19 20:53:07] INFO     datamatcher | [OINUSA] Fetching data (last 2 days)...
[2026-02-19 20:53:07] INFO     datamatcher | [MAUSA] Fetching data (last 2 days)...
[2026-02-19 20:53:08] INFO     datamatcher | [OINUSA] Fetched 63 checkouts, 136 transactions
[2026-02-19 20:53:08] INFO     datamatcher | [MAUSA] Fetched 125 checkouts, 287 transactions
[2026-02-19 20:53:08] INFO     datamatcher | Fetch complete: 2/2 clients successful
[2026-02-19 20:53:08] INFO     datamatcher | Starting matching for 2 clients (workers=12)...
[2026-02-19 20:53:08] INFO     datamatcher | [OINUSA] Matched: 63, Unmatched: 0, Rate: 100.0%
[2026-02-19 20:53:08] INFO     datamatcher | [MAUSA] Matched: 115, Unmatched: 10, Rate: 92.0%
[2026-02-19 20:53:08] INFO     datamatcher | Matching complete: 178 matched, 10 unmatched across all clients
[2026-02-19 20:53:08] INFO     datamatcher | Reports saved to C:\Usman\Project\python\dataMatcher\reports\20260219_205308
[2026-02-19 20:53:11] ERROR    datamatcher | Email send failed: (535, b'5.7.8 Username and Password not accepted. For more information, go to\n5.7.8  https://support.google.com/mail/?p=BadCredentials af79cd13be357-8cb2b1f5669sm2093252885a.34 - gsmtp')
[2026-02-19 20:53:11] INFO     datamatcher | PIPELINE COMPLETE in 4.23s
[2026-02-19 21:00:24] INFO     datamatcher | Shutting down
[2026-02-19 21:00:26] INFO     datamatcher | Loaded config: 2 clients, 2 days lookback
[2026-02-19 21:04:33] INFO     datamatcher | Shutting down
[2026-02-19 21:04:34] INFO     datamatcher | Loaded config: 2 clients, 2 days lookback
[2026-02-19 21:04:41] INFO     datamatcher | Shutting down
